C:\USERS\ZHANGPENG\DOCUMENTS\VISUAL STUDIO 2010\PROJECTS\0141122299_ZHANGPENG\0141122299_ZHANGPENG\DEBUG\0141122299_ZHANGPENG.EXE.EMBED.MANIFEST
C:\USERS\ZHANGPENG\DOCUMENTS\VISUAL STUDIO 2010\PROJECTS\0141122299_ZHANGPENG\0141122299_ZHANGPENG\DEBUG\0141122299_ZHANGPENG.EXE.EMBED.MANIFEST.RES
C:\USERS\ZHANGPENG\DOCUMENTS\VISUAL STUDIO 2010\PROJECTS\0141122299_ZHANGPENG\0141122299_ZHANGPENG\DEBUG\0141122299_ZHANGPENG.EXE.INTERMEDIATE.MANIFEST
C:\USERS\ZHANGPENG\DOCUMENTS\VISUAL STUDIO 2010\PROJECTS\0141122299_ZHANGPENG\0141122299_ZHANGPENG\DEBUG\0141122299_ZHANGPENG.OBJ
C:\USERS\ZHANGPENG\DOCUMENTS\VISUAL STUDIO 2010\PROJECTS\0141122299_ZHANGPENG\0141122299_ZHANGPENG\DEBUG\0141122299_ZHANGPENG.PCH
C:\USERS\ZHANGPENG\DOCUMENTS\VISUAL STUDIO 2010\PROJECTS\0141122299_ZHANGPENG\0141122299_ZHANGPENG\DEBUG\0141122299_ZHANGPENG.RES
C:\Users\ZhangPeng\documents\visual studio 2010\Projects\0141122299_zhangpeng\0141122299_zhangpeng\Debug\0141122299_zhangpeng.vcxprojResolveAssemblyReference.cache
C:\Users\ZhangPeng\documents\visual studio 2010\Projects\0141122299_zhangpeng\0141122299_zhangpeng\Debug\0141122299_zhangpeng.write.1.tlog
C:\Users\ZhangPeng\documents\visual studio 2010\Projects\0141122299_zhangpeng\0141122299_zhangpeng\Debug\0141122299_zhangpeng_manifest.rc
C:\USERS\ZHANGPENG\DOCUMENTS\VISUAL STUDIO 2010\PROJECTS\0141122299_ZHANGPENG\0141122299_ZHANGPENG\DEBUG\0141122299_ZHANGPENGDLG.OBJ
C:\Users\ZhangPeng\documents\visual studio 2010\Projects\0141122299_zhangpeng\0141122299_zhangpeng\Debug\cl.command.1.tlog
C:\Users\ZhangPeng\documents\visual studio 2010\Projects\0141122299_zhangpeng\0141122299_zhangpeng\Debug\CL.read.1.tlog
C:\Users\ZhangPeng\documents\visual studio 2010\Projects\0141122299_zhangpeng\0141122299_zhangpeng\Debug\CL.write.1.tlog
C:\USERS\ZHANGPENG\DOCUMENTS\VISUAL STUDIO 2010\PROJECTS\0141122299_ZHANGPENG\0141122299_ZHANGPENG\DEBUG\CONFIGDLG.OBJ
C:\Users\ZhangPeng\documents\visual studio 2010\Projects\0141122299_zhangpeng\0141122299_zhangpeng\Debug\link.15692.read.1.tlog
C:\Users\ZhangPeng\documents\visual studio 2010\Projects\0141122299_zhangpeng\0141122299_zhangpeng\Debug\link.15692.write.1.tlog
C:\Users\ZhangPeng\documents\visual studio 2010\Projects\0141122299_zhangpeng\0141122299_zhangpeng\Debug\link.15692-cvtres.read.1.tlog
C:\Users\ZhangPeng\documents\visual studio 2010\Projects\0141122299_zhangpeng\0141122299_zhangpeng\Debug\link.15692-cvtres.write.1.tlog
C:\Users\ZhangPeng\documents\visual studio 2010\Projects\0141122299_zhangpeng\0141122299_zhangpeng\Debug\link.command.1.tlog
C:\Users\ZhangPeng\documents\visual studio 2010\Projects\0141122299_zhangpeng\0141122299_zhangpeng\Debug\link.read.1.tlog
C:\Users\ZhangPeng\documents\visual studio 2010\Projects\0141122299_zhangpeng\0141122299_zhangpeng\Debug\link.write.1.tlog
C:\Users\ZhangPeng\documents\visual studio 2010\Projects\0141122299_zhangpeng\0141122299_zhangpeng\Debug\link-cvtres.read.1.tlog
C:\Users\ZhangPeng\documents\visual studio 2010\Projects\0141122299_zhangpeng\0141122299_zhangpeng\Debug\link-cvtres.write.1.tlog
C:\Users\ZhangPeng\documents\visual studio 2010\Projects\0141122299_zhangpeng\0141122299_zhangpeng\Debug\mt.command.1.tlog
C:\Users\ZhangPeng\documents\visual studio 2010\Projects\0141122299_zhangpeng\0141122299_zhangpeng\Debug\mt.read.1.tlog
C:\Users\ZhangPeng\documents\visual studio 2010\Projects\0141122299_zhangpeng\0141122299_zhangpeng\Debug\mt.write.1.tlog
C:\Users\ZhangPeng\documents\visual studio 2010\Projects\0141122299_zhangpeng\0141122299_zhangpeng\Debug\rc.command.1.tlog
C:\Users\ZhangPeng\documents\visual studio 2010\Projects\0141122299_zhangpeng\0141122299_zhangpeng\Debug\rc.read.1.tlog
C:\Users\ZhangPeng\documents\visual studio 2010\Projects\0141122299_zhangpeng\0141122299_zhangpeng\Debug\rc.write.1.tlog
C:\USERS\ZHANGPENG\DOCUMENTS\VISUAL STUDIO 2010\PROJECTS\0141122299_ZHANGPENG\0141122299_ZHANGPENG\DEBUG\STDAFX.OBJ
C:\Users\ZhangPeng\documents\visual studio 2010\Projects\0141122299_zhangpeng\0141122299_zhangpeng\Debug\vc100.idb
C:\USERS\ZHANGPENG\DOCUMENTS\VISUAL STUDIO 2010\PROJECTS\0141122299_ZHANGPENG\0141122299_ZHANGPENG\DEBUG\VC100.PDB
C:\USERS\ZHANGPENG\DOCUMENTS\VISUAL STUDIO 2010\PROJECTS\0141122299_ZHANGPENG\DEBUG\0141122299_ZHANGPENG.EXE
C:\USERS\ZHANGPENG\DOCUMENTS\VISUAL STUDIO 2010\PROJECTS\0141122299_ZHANGPENG\DEBUG\0141122299_ZHANGPENG.ILK
C:\USERS\ZHANGPENG\DOCUMENTS\VISUAL STUDIO 2010\PROJECTS\0141122299_ZHANGPENG\DEBUG\0141122299_ZHANGPENG.PDB
